\BOOKMARK [1][-]{section.1}{Introduction}{}% 1
\BOOKMARK [1][-]{section.2}{Overview}{}% 2
\BOOKMARK [2][-]{subsection.2.1}{SSSA-MyHand}{section.2}% 3
\BOOKMARK [2][-]{subsection.2.2}{AstoHand v.1}{section.2}% 4
\BOOKMARK [2][-]{subsection.2.3}{Bionic Hand}{section.2}% 5
\BOOKMARK [2][-]{subsection.2.4}{X-Hand}{section.2}% 6
\BOOKMARK [2][-]{subsection.2.5}{Six-DOF-Hand}{section.2}% 7
\BOOKMARK [2][-]{subsection.2.6}{SoftHand Pro-D}{section.2}% 8
\BOOKMARK [2][-]{subsection.2.7}{Tact}{section.2}% 9
\BOOKMARK [2][-]{subsection.2.8}{UOMPro}{section.2}% 10
\BOOKMARK [2][-]{subsection.2.9}{MORA Hap-2}{section.2}% 11
\BOOKMARK [2][-]{subsection.2.10}{Hand of Bennett et al.}{section.2}% 12
\BOOKMARK [2][-]{subsection.2.11}{Hand of Zhang et al.}{section.2}% 13
\BOOKMARK [1][-]{section.3}{Comparison}{}% 14
\BOOKMARK [2][-]{subsection.3.1}{Physical properties}{section.3}% 15
\BOOKMARK [2][-]{subsection.3.2}{Kinematics and Actuation}{section.3}% 16
\BOOKMARK [2][-]{subsection.3.3}{Grasping and dyncamics}{section.3}% 17
\BOOKMARK [2][-]{subsection.3.4}{Sensor systems}{section.3}% 18
\BOOKMARK [2][-]{subsection.3.5}{Embedded systems}{section.3}% 19
\BOOKMARK [1][-]{section*.3}{References}{}% 20
